Arguments: 
  /usr/local/Cellar/node@8/8.16.2/bin/node /usr/local/bin/yarn init

PATH: 
  /Users/gingray/.rvm/gems/ruby-2.3.1/bin:/Users/gingray/.rvm/gems/ruby-2.3.1@global/bin:/Users/gingray/.rvm/rubies/ruby-2.3.1/bin:/usr/local/heroku/bin:/usr/local/opt/icu4c/sbin:/usr/local/opt/icu4c/bin:/usr/local/opt/libiconv/bin:/usr/local/opt/node@8/bin:/usr/local/opt/qt@5.5/bin:/usr/local/bin:/usr/bin:/bin:/usr/sbin:/sbin:/Users/gingray/gosource/bin:/Users/gingray/.rvm/bin:/usr/local/opt/go/libexec/bin

Yarn version: 
  1.17.3

Node version: 
  8.16.2

Platform: 
  darwin x64

Trace: 
  Error: canceled
      at Interface.<anonymous> (/usr/local/lib/node_modules/yarn/lib/cli.js:136724:13)
      at emitNone (events.js:106:13)
      at Interface.emit (events.js:208:7)
      at Interface._ttyWrite (readline.js:774:16)
      at ReadStream.onkeypress (readline.js:158:10)
      at emitTwo (events.js:126:13)
      at ReadStream.emit (events.js:214:7)
      at emitKeys (internal/readline.js:420:14)
      at emitKeys.next (<anonymous>)
      at ReadStream.onData (readline.js:1010:36)

npm manifest: 
  No manifest

yarn manifest: 
  No manifest

Lockfile: 
  No lockfile
